build/outputs/logs/manifest-merger-debug-report.txt
-- Merging decision tree log ---
manifest
ADDED from src\main\AndroidManifest.xml:2:1-768:12
	package
		ADDED from src\main\AndroidManifest.xml:5:5-29
		INJECTED from src\main\AndroidManifest.xml
		INJECTED from src\main\AndroidManifest.xml
	android:versionName
		ADDED from src\main\AndroidManifest.xml:7:5-34
		INJECTED from src\main\AndroidManifest.xml
		INJECTED from src\main\AndroidManifest.xml
	xmlns:tools
		ADDED from src\main\AndroidManifest.xml:3:5-51
	android:versionCode
		ADDED from src\main\AndroidManifest.xml:6:5-30
		INJECTED from src\main\AndroidManifest.xml
		INJECTED from src\main\AndroidManifest.xml
	xmlns:android
		ADDED from src\main\AndroidManifest.xml:2:11-69
	android:name
		ADDED from src\main\AndroidManifest.xml:4:5-37
uses-sdk
ADDED from src\main\AndroidManifest.xml:9:5-11:41
MERGED from [StudioCode:library:unspecified] AndroidManifest.xml:8:5-10:41
MERGED from [com.github.MostafaGazar:CustomShapeImageView:84d1b4d] AndroidManifest.xml:7:5-9:41
MERGED from [com.android.support:design:23.2.1] AndroidManifest.xml:20:5-43
MERGED from [com.android.support:recyclerview-v7:23.2.1] AndroidManifest.xml:20:5-43
MERGED from [com.github.anothem:android-range-seek-bar:v0.3.0] AndroidManifest.xml:7:5-9:41
MERGED from [com.android.support:appcompat-v7:23.2.1] AndroidManifest.xml:21:5-23:78
MERGED from [com.android.support:animated-vector-drawable:23.2.1] AndroidManifest.xml:5:5-44
MERGED from [com.android.support:support-vector-drawable:23.2.1] AndroidManifest.xml:5:5-43
MERGED from [com.android.support:cardview-v7:23.1.1] AndroidManifest.xml:20:5-43
MERGED from [com.google.android.gms:play-services-location:8.4.0] AndroidManifest.xml:18:5-42
MERGED from [com.google.android.gms:play-services-maps:8.4.0] AndroidManifest.xml:26:5-42
MERGED from [com.android.support:multidex:1.0.0] AndroidManifest.xml:18:5-42
MERGED from [com.google.android.gms:play-services-appindexing:8.4.0] AndroidManifest.xml:18:5-42
MERGED from [com.google.android.gms:play-services-base:8.4.0] AndroidManifest.xml:18:5-42
MERGED from [com.google.android.gms:play-services-basement:8.4.0] AndroidManifest.xml:18:5-42
MERGED from [com.android.support:support-v4:23.2.1] AndroidManifest.xml:20:5-43
	tools:overrideLibrary
		ADDED from [com.android.support:appcompat-v7:23.2.1] AndroidManifest.xml:23:9-75
	android:targetSdkVersion
		ADDED from src\main\AndroidManifest.xml:11:9-38
		INJECTED from src\main\AndroidManifest.xml
		INJECTED from src\main\AndroidManifest.xml
	android:minSdkVersion
		ADDED from src\main\AndroidManifest.xml:10:9-35
		INJECTED from src\main\AndroidManifest.xml
		INJECTED from src\main\AndroidManifest.xml
uses-permission#android.permission.INTERNET
ADDED from src\main\AndroidManifest.xml:13:5-67
MERGED from [com.google.android.gms:play-services-maps:8.4.0] AndroidManifest.xml:21:5-66
	android:name
		ADDED from src\main\AndroidManifest.xml:13:22-64
uses-permission#android.permission.WRITE_EXTERNAL_STORAGE
ADDED from src\main\AndroidManifest.xml:14:5-81
	android:name
		ADDED from src\main\AndroidManifest.xml:14:22-78
uses-permission#android.permission.ACCESS_NETWORK_STATE
ADDED from src\main\AndroidManifest.xml:15:5-79
MERGED from [com.google.android.gms:play-services-maps:8.4.0] AndroidManifest.xml:20:5-78
	android:name
		ADDED from src\main\AndroidManifest.xml:15:22-76
uses-permission#android.permission.ACCESS_WIFI_STATE
ADDED from src\main\AndroidManifest.xml:16:5-76
	android:name
		ADDED from src\main\AndroidManifest.xml:16:22-73
uses-permission#android.permission.READ_PHONE_STATE
ADDED from src\main\AndroidManifest.xml:17:5-75
	android:name
		ADDED from src\main\AndroidManifest.xml:17:22-72
uses-permission#android.permission.CALL_PHONE
ADDED from src\main\AndroidManifest.xml:18:5-69
	android:name
		ADDED from src\main\AndroidManifest.xml:18:22-66
uses-permission#android.permission.WRITE_SETTINGS
ADDED from src\main\AndroidManifest.xml:19:5-73
	android:name
		ADDED from src\main\AndroidManifest.xml:19:22-70
uses-permission#android.permission.WRITE_CONTACTS
ADDED from src\main\AndroidManifest.xml:20:5-73
	android:name
		ADDED from src\main\AndroidManifest.xml:20:22-70
uses-permission#android.permission.READ_CALENDAR
ADDED from src\main\AndroidManifest.xml:21:5-72
	android:name
		ADDED from src\main\AndroidManifest.xml:21:22-69
uses-permission#android.permission.WRITE_CALENDAR
ADDED from src\main\AndroidManifest.xml:22:5-73
	android:name
		ADDED from src\main\AndroidManifest.xml:22:22-70
uses-permission#android.permission.ACCESS_FINE_LOCATION
ADDED from src\main\AndroidManifest.xml:23:5-79
	android:name
		ADDED from src\main\AndroidManifest.xml:23:22-76
uses-permission#android.permission.ACCESS_COARSE_LOCATION
ADDED from src\main\AndroidManifest.xml:24:5-81
	android:name
		ADDED from src\main\AndroidManifest.xml:24:22-78
uses-permission#android.permission.READ_EXTERNAL_STORAGE
ADDED from src\main\AndroidManifest.xml:25:5-80
	android:name
		ADDED from src\main\AndroidManifest.xml:25:22-77
uses-permission#android.permission.SYSTEM_ALERT_WINDOW
ADDED from src\main\AndroidManifest.xml:26:5-78
	android:name
		ADDED from src\main\AndroidManifest.xml:26:22-75
uses-feature#0x00020000
ADDED from src\main\AndroidManifest.xml:28:5-30:35
MERGED from [com.google.android.gms:play-services-maps:8.4.0] AndroidManifest.xml:22:5-24:33
	android:glEsVersion
		ADDED from src\main\AndroidManifest.xml:29:9-41
	android:required
		ADDED from src\main\AndroidManifest.xml:30:9-32
permission#com.waterworks.permission.MAPS_RECEIVE
ADDED from src\main\AndroidManifest.xml:32:5-34:47
	android:protectionLevel
		ADDED from src\main\AndroidManifest.xml:34:9-44
	android:name
		ADDED from src\main\AndroidManifest.xml:33:9-62
uses-permission#com.waterworks.permission.MAPS_RECEIVE
ADDED from src\main\AndroidManifest.xml:36:5-78
	android:name
		ADDED from src\main\AndroidManifest.xml:36:22-75
application
ADDED from src\main\AndroidManifest.xml:40:5-766:19
MERGED from [StudioCode:library:unspecified] AndroidManifest.xml:12:5-20
MERGED from [com.github.MostafaGazar:CustomShapeImageView:84d1b4d] AndroidManifest.xml:11:5-16:19
MERGED from [com.android.support:design:23.2.1] AndroidManifest.xml:22:5-20
MERGED from [com.android.support:appcompat-v7:23.2.1] AndroidManifest.xml:25:5-20
MERGED from [com.android.support:animated-vector-drawable:23.2.1] AndroidManifest.xml:7:5-20
MERGED from [com.android.support:support-vector-drawable:23.2.1] AndroidManifest.xml:7:5-20
MERGED from [com.android.support:cardview-v7:23.1.1] AndroidManifest.xml:22:5-20
MERGED from [com.google.android.gms:play-services-location:8.4.0] AndroidManifest.xml:19:5-20
MERGED from [com.google.android.gms:play-services-maps:8.4.0] AndroidManifest.xml:27:5-20
MERGED from [com.google.android.gms:play-services-appindexing:8.4.0] AndroidManifest.xml:19:5-20
MERGED from [com.google.android.gms:play-services-basement:8.4.0] AndroidManifest.xml:20:5-24:19
MERGED from [com.android.support:support-v4:23.2.1] AndroidManifest.xml:22:5-20
	android:label
		ADDED from src\main\AndroidManifest.xml:44:9-41
		REJECTED from [com.github.MostafaGazar:CustomShapeImageView:84d1b4d] AndroidManifest.xml:14:9-41
	android:allowBackup
		ADDED from src\main\AndroidManifest.xml:42:9-35
	android:icon
		ADDED from src\main\AndroidManifest.xml:43:9-38
		REJECTED from [com.github.MostafaGazar:CustomShapeImageView:84d1b4d] AndroidManifest.xml:13:9-45
	android:theme
		ADDED from src\main\AndroidManifest.xml:45:9-40
		REJECTED from [com.github.MostafaGazar:CustomShapeImageView:84d1b4d] AndroidManifest.xml:15:9-40
	tools:replace
		ADDED from src\main\AndroidManifest.xml:46:9-65
	android:name
		ADDED from src\main\AndroidManifest.xml:41:9-34
activity#com.waterworks.SplashScreen
ADDED from src\main\AndroidManifest.xml:47:9-67:20
	android:screenOrientation
		ADDED from src\main\AndroidManifest.xml:50:13-49
	android:label
		ADDED from src\main\AndroidManifest.xml:49:13-45
	android:name
		ADDED from src\main\AndroidManifest.xml:48:13-41
intent-filter#android.intent.action.MAIN+android.intent.category.LAUNCHER
ADDED from src\main\AndroidManifest.xml:51:13-55:29
action#android.intent.action.MAIN
ADDED from src\main\AndroidManifest.xml:52:17-69
	android:name
		ADDED from src\main\AndroidManifest.xml:52:25-66
category#android.intent.category.LAUNCHER
ADDED from src\main\AndroidManifest.xml:54:17-77
	android:name
		ADDED from src\main\AndroidManifest.xml:54:27-74
intent-filter#android.intent.action.VIEW+android.intent.category.BROWSABLE+android.intent.category.DEFAULT
ADDED from src\main\AndroidManifest.xml:56:13-66:29
data
ADDED from src\main\AndroidManifest.xml:57:17-60:46
	android:host
		ADDED from src\main\AndroidManifest.xml:58:21-64
	android:scheme
		ADDED from src\main\AndroidManifest.xml:60:21-43
	android:pathPrefix
		ADDED from src\main\AndroidManifest.xml:59:21-53
action#android.intent.action.VIEW
ADDED from src\main\AndroidManifest.xml:62:17-69
	android:name
		ADDED from src\main\AndroidManifest.xml:62:25-66
category#android.intent.category.DEFAULT
ADDED from src\main\AndroidManifest.xml:64:17-76
	android:name
		ADDED from src\main\AndroidManifest.xml:64:27-73
category#android.intent.category.BROWSABLE
ADDED from src\main\AndroidManifest.xml:65:17-78
	android:name
		ADDED from src\main\AndroidManifest.xml:65:27-75
activity#com.waterworks.LoginActivity
ADDED from src\main\AndroidManifest.xml:68:9-72:55
	android:screenOrientation
		ADDED from src\main\AndroidManifest.xml:71:13-49
	android:label
		ADDED from src\main\AndroidManifest.xml:70:13-45
	android:windowSoftInputMode
		ADDED from src\main\AndroidManifest.xml:72:13-52
	android:name
		ADDED from src\main\AndroidManifest.xml:69:13-42
activity#com.waterworks.DashBoardActivity
ADDED from src\main\AndroidManifest.xml:73:9-78:55
	android:screenOrientation
		ADDED from src\main\AndroidManifest.xml:77:13-49
	android:label
		ADDED from src\main\AndroidManifest.xml:75:13-45
	android:launchMode
		ADDED from src\main\AndroidManifest.xml:76:13-44
	android:windowSoftInputMode
		ADDED from src\main\AndroidManifest.xml:78:13-52
	android:name
		ADDED from src\main\AndroidManifest.xml:74:13-46
activity#com.waterworks.RegisterActivity1
ADDED from src\main\AndroidManifest.xml:79:9-84:70
	android:screenOrientation
		ADDED from src\main\AndroidManifest.xml:82:13-49
	android:label
		ADDED from src\main\AndroidManifest.xml:81:13-45
	android:windowSoftInputMode
		ADDED from src\main\AndroidManifest.xml:84:13-67
	android:theme
		ADDED from src\main\AndroidManifest.xml:83:13-66
	android:name
		ADDED from src\main\AndroidManifest.xml:80:13-46
activity#com.waterworks.RegisterActivity2
ADDED from src\main\AndroidManifest.xml:85:9-90:70
	android:screenOrientation
		ADDED from src\main\AndroidManifest.xml:88:13-49
	android:label
		ADDED from src\main\AndroidManifest.xml:87:13-45
	android:windowSoftInputMode
		ADDED from src\main\AndroidManifest.xml:90:13-67
	android:theme
		ADDED from src\main\AndroidManifest.xml:89:13-66
	android:name
		ADDED from src\main\AndroidManifest.xml:86:13-46
activity#com.waterworks.RegisterActivity3
ADDED from src\main\AndroidManifest.xml:91:9-95:70
	android:screenOrientation
		ADDED from src\main\AndroidManifest.xml:94:13-49
	android:label
		ADDED from src\main\AndroidManifest.xml:93:13-45
	android:windowSoftInputMode
		ADDED from src\main\AndroidManifest.xml:95:13-67
	android:name
		ADDED from src\main\AndroidManifest.xml:92:13-46
activity#com.waterworks.ChangePasswordActivity
ADDED from src\main\AndroidManifest.xml:96:9-100:55
	android:screenOrientation
		ADDED from src\main\AndroidManifest.xml:99:13-49
	android:label
		ADDED from src\main\AndroidManifest.xml:98:13-45
	android:windowSoftInputMode
		ADDED from src\main\AndroidManifest.xml:100:13-52
	android:name
		ADDED from src\main\AndroidManifest.xml:97:13-51
activity#com.waterworks.EmailPreferencesActivity
ADDED from src\main\AndroidManifest.xml:101:9-105:55
	android:screenOrientation
		ADDED from src\main\AndroidManifest.xml:104:13-49
	android:label
		ADDED from src\main\AndroidManifest.xml:103:13-45
	android:windowSoftInputMode
		ADDED from src\main\AndroidManifest.xml:105:13-52
	android:name
		ADDED from src\main\AndroidManifest.xml:102:13-53
activity#com.waterworks.WaterAerobicsActivity
ADDED from src\main\AndroidManifest.xml:106:9-110:55
	android:screenOrientation
		ADDED from src\main\AndroidManifest.xml:109:13-49
	android:label
		ADDED from src\main\AndroidManifest.xml:108:13-45
	android:windowSoftInputMode
		ADDED from src\main\AndroidManifest.xml:110:13-52
	android:name
		ADDED from src\main\AndroidManifest.xml:107:13-50
activity#com.waterworks.AttenadnceCodesActivity
ADDED from src\main\AndroidManifest.xml:111:9-115:55
	android:screenOrientation
		ADDED from src\main\AndroidManifest.xml:114:13-49
	android:label
		ADDED from src\main\AndroidManifest.xml:113:13-68
	android:windowSoftInputMode
		ADDED from src\main\AndroidManifest.xml:115:13-52
	android:name
		ADDED from src\main\AndroidManifest.xml:112:13-52
activity#com.waterworks.SwimCampsRegister1Acitivity
ADDED from src\main\AndroidManifest.xml:116:9-119:52
	android:screenOrientation
		ADDED from src\main\AndroidManifest.xml:119:13-49
	android:label
		ADDED from src\main\AndroidManifest.xml:118:13-68
	android:name
		ADDED from src\main\AndroidManifest.xml:117:13-56
activity#com.waterworks.SwimCampsRegister2Activity
ADDED from src\main\AndroidManifest.xml:120:9-123:52
	android:screenOrientation
		ADDED from src\main\AndroidManifest.xml:123:13-49
	android:label
		ADDED from src\main\AndroidManifest.xml:122:13-68
	android:name
		ADDED from src\main\AndroidManifest.xml:121:13-55
activity#com.waterworks.SwimCampRegister3Activity
ADDED from src\main\AndroidManifest.xml:124:9-126:52
	android:screenOrientation
		ADDED from src\main\AndroidManifest.xml:126:13-49
	android:name
		ADDED from src\main\AndroidManifest.xml:125:13-54
activity#com.waterworks.RequestShadowingActivity
ADDED from src\main\AndroidManifest.xml:127:9-131:55
	android:screenOrientation
		ADDED from src\main\AndroidManifest.xml:130:13-49
	android:label
		ADDED from src\main\AndroidManifest.xml:129:13-69
	android:windowSoftInputMode
		ADDED from src\main\AndroidManifest.xml:131:13-52
	android:name
		ADDED from src\main\AndroidManifest.xml:128:13-53
activity#com.waterworks.RegisterChildScreen1Activity
ADDED from src\main\AndroidManifest.xml:132:9-136:55
	android:screenOrientation
		ADDED from src\main\AndroidManifest.xml:135:13-49
	android:label
		ADDED from src\main\AndroidManifest.xml:134:13-69
	android:windowSoftInputMode
		ADDED from src\main\AndroidManifest.xml:136:13-52
	android:name
		ADDED from src\main\AndroidManifest.xml:133:13-57
activity#com.waterworks.RegisterChildScreen2Activity
ADDED from src\main\AndroidManifest.xml:137:9-141:55
	android:screenOrientation
		ADDED from src\main\AndroidManifest.xml:140:13-49
	android:label
		ADDED from src\main\AndroidManifest.xml:139:13-69
	android:windowSoftInputMode
		ADDED from src\main\AndroidManifest.xml:141:13-52
	android:name
		ADDED from src\main\AndroidManifest.xml:138:13-57
activity#com.waterworks.RegisterChildScreen3Activity
ADDED from src\main\AndroidManifest.xml:142:9-146:55
	android:screenOrientation
		ADDED from src\main\AndroidManifest.xml:145:13-49
	android:label
		ADDED from src\main\AndroidManifest.xml:144:13-69
	android:windowSoftInputMode
		ADDED from src\main\AndroidManifest.xml:146:13-52
	android:name
		ADDED from src\main\AndroidManifest.xml:143:13-57
activity#com.waterworks.DetailViewScheduleActivity
ADDED from src\main\AndroidManifest.xml:147:9-150:55
	android:screenOrientation
		ADDED from src\main\AndroidManifest.xml:149:13-49
	android:windowSoftInputMode
		ADDED from src\main\AndroidManifest.xml:150:13-52
	android:name
		ADDED from src\main\AndroidManifest.xml:148:13-55
activity#com.waterworks.DetailCancelLessonActivity
ADDED from src\main\AndroidManifest.xml:151:9-154:55
	android:screenOrientation
		ADDED from src\main\AndroidManifest.xml:153:13-49
	android:windowSoftInputMode
		ADDED from src\main\AndroidManifest.xml:154:13-52
	android:name
		ADDED from src\main\AndroidManifest.xml:152:13-55
activity#com.waterworks.SwimLessonsActivity
ADDED from src\main\AndroidManifest.xml:155:9-158:55
	android:screenOrientation
		ADDED from src\main\AndroidManifest.xml:157:13-49
	android:windowSoftInputMode
		ADDED from src\main\AndroidManifest.xml:158:13-52
	android:name
		ADDED from src\main\AndroidManifest.xml:156:13-48
activity#com.waterworks.SwimCompititionRegisterAcitivity
ADDED from src\main\AndroidManifest.xml:159:9-162:55
	android:screenOrientation
		ADDED from src\main\AndroidManifest.xml:161:13-49
	android:windowSoftInputMode
		ADDED from src\main\AndroidManifest.xml:162:13-52
	android:name
		ADDED from src\main\AndroidManifest.xml:160:13-61
activity#com.waterworks.SwimCompititionUpcomingEventsAcitivity
ADDED from src\main\AndroidManifest.xml:163:9-166:55
	android:screenOrientation
		ADDED from src\main\AndroidManifest.xml:165:13-49
	android:windowSoftInputMode
		ADDED from src\main\AndroidManifest.xml:166:13-52
	android:name
		ADDED from src\main\AndroidManifest.xml:164:13-67
activity#com.waterworks.SwimCompititionTrophyRoomAcitivity
ADDED from src\main\AndroidManifest.xml:167:9-170:55
	android:screenOrientation
		ADDED from src\main\AndroidManifest.xml:169:13-49
	android:windowSoftInputMode
		ADDED from src\main\AndroidManifest.xml:170:13-52
	android:name
		ADDED from src\main\AndroidManifest.xml:168:13-63
activity#com.waterworks.SwimcompititionRegisterStep2Activity
ADDED from src\main\AndroidManifest.xml:171:9-174:55
	android:screenOrientation
		ADDED from src\main\AndroidManifest.xml:173:13-49
	android:windowSoftInputMode
		ADDED from src\main\AndroidManifest.xml:174:13-52
	android:name
		ADDED from src\main\AndroidManifest.xml:172:13-65
activity#com.waterworks.SwimcompititionRegisterStep3Activity
ADDED from src\main\AndroidManifest.xml:175:9-179:55
	android:screenOrientation
		ADDED from src\main\AndroidManifest.xml:178:13-49
	android:windowSoftInputMode
		ADDED from src\main\AndroidManifest.xml:179:13-52
	android:alwaysRetainTaskState
		ADDED from src\main\AndroidManifest.xml:177:13-49
	android:name
		ADDED from src\main\AndroidManifest.xml:176:13-65
activity#com.waterworks.Unused.SwimCompitition2Acitivity
ADDED from src\main\AndroidManifest.xml:180:9-183:55
	android:screenOrientation
		ADDED from src\main\AndroidManifest.xml:182:13-49
	android:windowSoftInputMode
		ADDED from src\main\AndroidManifest.xml:183:13-52
	android:name
		ADDED from src\main\AndroidManifest.xml:181:13-61
activity#com.waterworks.Unused.SwimCompitition3Acitivity
ADDED from src\main\AndroidManifest.xml:184:9-187:55
	android:screenOrientation
		ADDED from src\main\AndroidManifest.xml:186:13-49
	android:windowSoftInputMode
		ADDED from src\main\AndroidManifest.xml:187:13-52
	android:name
		ADDED from src\main\AndroidManifest.xml:185:13-61
activity#com.waterworks.Unused.SwimCompitition4Acitivity
ADDED from src\main\AndroidManifest.xml:188:9-191:55
	android:screenOrientation
		ADDED from src\main\AndroidManifest.xml:190:13-49
	android:windowSoftInputMode
		ADDED from src\main\AndroidManifest.xml:191:13-52
	android:name
		ADDED from src\main\AndroidManifest.xml:189:13-61
activity#com.waterworks.Unused.SwimCompitition5Acitivity
ADDED from src\main\AndroidManifest.xml:192:9-195:55
	android:screenOrientation
		ADDED from src\main\AndroidManifest.xml:194:13-49
	android:windowSoftInputMode
		ADDED from src\main\AndroidManifest.xml:195:13-52
	android:name
		ADDED from src\main\AndroidManifest.xml:193:13-61
activity#com.waterworks.Unused.SwimCompititionConfirmationPageAcitivity
ADDED from src\main\AndroidManifest.xml:196:9-199:55
	android:screenOrientation
		ADDED from src\main\AndroidManifest.xml:198:13-49
	android:windowSoftInputMode
		ADDED from src\main\AndroidManifest.xml:199:13-52
	android:name
		ADDED from src\main\AndroidManifest.xml:197:13-76
activity#com.waterworks.ViewCartActivity
ADDED from src\main\AndroidManifest.xml:200:9-203:63
	android:screenOrientation
		ADDED from src\main\AndroidManifest.xml:202:13-49
	android:windowSoftInputMode
		ADDED from src\main\AndroidManifest.xml:203:13-60
	android:name
		ADDED from src\main\AndroidManifest.xml:201:13-45
activity#com.waterworks.LevelCalculatorActivity
ADDED from src\main\AndroidManifest.xml:204:9-208:55
	android:screenOrientation
		ADDED from src\main\AndroidManifest.xml:207:13-49
	android:label
		ADDED from src\main\AndroidManifest.xml:206:13-69
	android:windowSoftInputMode
		ADDED from src\main\AndroidManifest.xml:208:13-52
	android:name
		ADDED from src\main\AndroidManifest.xml:205:13-52
activity#com.waterworks.ViewStudentsListActivity
ADDED from src\main\AndroidManifest.xml:209:9-213:55
	android:screenOrientation
		ADDED from src\main\AndroidManifest.xml:212:13-49
	android:label
		ADDED from src\main\AndroidManifest.xml:211:13-69
	android:windowSoftInputMode
		ADDED from src\main\AndroidManifest.xml:213:13-52
	android:name
		ADDED from src\main\AndroidManifest.xml:210:13-53
activity#com.waterworks.ViewCertificateActivity
ADDED from src\main\AndroidManifest.xml:214:9-218:55
	android:screenOrientation
		ADDED from src\main\AndroidManifest.xml:217:13-49
	android:label
		ADDED from src\main\AndroidManifest.xml:216:13-69
	android:windowSoftInputMode
		ADDED from src\main\AndroidManifest.xml:218:13-52
	android:name
		ADDED from src\main\AndroidManifest.xml:215:13-52
activity#com.waterworks.ProgressReportActivity
ADDED from src\main\AndroidManifest.xml:219:9-223:55
	android:screenOrientation
		ADDED from src\main\AndroidManifest.xml:222:13-49
	android:label
		ADDED from src\main\AndroidManifest.xml:221:13-69
	android:windowSoftInputMode
		ADDED from src\main\AndroidManifest.xml:223:13-52
	android:name
		ADDED from src\main\AndroidManifest.xml:220:13-51
activity#com.waterworks.ProgressReportDetailsActivity
ADDED from src\main\AndroidManifest.xml:224:9-228:55
	android:screenOrientation
		ADDED from src\main\AndroidManifest.xml:227:13-49
	android:label
		ADDED from src\main\AndroidManifest.xml:226:13-69
	android:windowSoftInputMode
		ADDED from src\main\AndroidManifest.xml:228:13-52
	android:name
		ADDED from src\main\AndroidManifest.xml:225:13-58
activity#com.waterworks.ViewPaymentHistoryListActivity
ADDED from src\main\AndroidManifest.xml:229:9-233:55
	android:screenOrientation
		ADDED from src\main\AndroidManifest.xml:232:13-49
	android:label
		ADDED from src\main\AndroidManifest.xml:231:13-69
	android:windowSoftInputMode
		ADDED from src\main\AndroidManifest.xml:233:13-52
	android:name
		ADDED from src\main\AndroidManifest.xml:230:13-59
activity#com.waterworks.ViewPaymentHistoryListNewActivity
ADDED from src\main\AndroidManifest.xml:234:9-238:55
	android:screenOrientation
		ADDED from src\main\AndroidManifest.xml:237:13-49
	android:label
		ADDED from src\main\AndroidManifest.xml:236:13-69
	android:windowSoftInputMode
		ADDED from src\main\AndroidManifest.xml:238:13-52
	android:name
		ADDED from src\main\AndroidManifest.xml:235:13-62
activity#com.waterworks.RibbenCountActivity
ADDED from src\main\AndroidManifest.xml:239:9-243:55
	android:screenOrientation
		ADDED from src\main\AndroidManifest.xml:242:13-49
	android:label
		ADDED from src\main\AndroidManifest.xml:241:13-69
	android:windowSoftInputMode
		ADDED from src\main\AndroidManifest.xml:243:13-52
	android:name
		ADDED from src\main\AndroidManifest.xml:240:13-48
activity#com.waterworks.RibbenCountDetailsActivity
ADDED from src\main\AndroidManifest.xml:244:9-248:55
	android:screenOrientation
		ADDED from src\main\AndroidManifest.xml:247:13-49
	android:label
		ADDED from src\main\AndroidManifest.xml:246:13-69
	android:windowSoftInputMode
		ADDED from src\main\AndroidManifest.xml:248:13-52
	android:name
		ADDED from src\main\AndroidManifest.xml:245:13-55
activity#com.waterworks.FeedbackActivity
ADDED from src\main\AndroidManifest.xml:249:9-253:55
	android:screenOrientation
		ADDED from src\main\AndroidManifest.xml:252:13-49
	android:label
		ADDED from src\main\AndroidManifest.xml:251:13-69
	android:windowSoftInputMode
		ADDED from src\main\AndroidManifest.xml:253:13-52
	android:name
		ADDED from src\main\AndroidManifest.xml:250:13-45
activity#com.waterworks.HelpCenterActivity
ADDED from src\main\AndroidManifest.xml:254:9-258:55
	android:screenOrientation
		ADDED from src\main\AndroidManifest.xml:257:13-49
	android:label
		ADDED from src\main\AndroidManifest.xml:256:13-69
	android:windowSoftInputMode
		ADDED from src\main\AndroidManifest.xml:258:13-52
	android:name
		ADDED from src\main\AndroidManifest.xml:255:13-47
activity#com.waterworks.ViewPriceSheetActivity
ADDED from src\main\AndroidManifest.xml:259:9-263:55
	android:screenOrientation
		ADDED from src\main\AndroidManifest.xml:262:13-49
	android:label
		ADDED from src\main\AndroidManifest.xml:261:13-68
	android:windowSoftInputMode
		ADDED from src\main\AndroidManifest.xml:263:13-52
	android:name
		ADDED from src\main\AndroidManifest.xml:260:13-51
activity#com.waterworks.ViewHoldsActivity
ADDED from src\main\AndroidManifest.xml:264:9-268:55
	android:screenOrientation
		ADDED from src\main\AndroidManifest.xml:267:13-49
	android:label
		ADDED from src\main\AndroidManifest.xml:266:13-62
	android:windowSoftInputMode
		ADDED from src\main\AndroidManifest.xml:268:13-52
	android:name
		ADDED from src\main\AndroidManifest.xml:265:13-46
activity#com.waterworks.ViewWaitlistActivity
ADDED from src\main\AndroidManifest.xml:269:9-273:55
	android:screenOrientation
		ADDED from src\main\AndroidManifest.xml:272:13-49
	android:label
		ADDED from src\main\AndroidManifest.xml:271:13-65
	android:windowSoftInputMode
		ADDED from src\main\AndroidManifest.xml:273:13-52
	android:name
		ADDED from src\main\AndroidManifest.xml:270:13-49
activity#com.waterworks.TransferMakeUpActivity
ADDED from src\main\AndroidManifest.xml:274:9-278:55
	android:screenOrientation
		ADDED from src\main\AndroidManifest.xml:277:13-49
	android:label
		ADDED from src\main\AndroidManifest.xml:276:13-67
	android:windowSoftInputMode
		ADDED from src\main\AndroidManifest.xml:278:13-52
	android:name
		ADDED from src\main\AndroidManifest.xml:275:13-51
activity#com.waterworks.CancelRemoveLessonActivity
ADDED from src\main\AndroidManifest.xml:279:9-283:55
	android:screenOrientation
		ADDED from src\main\AndroidManifest.xml:282:13-49
	android:label
		ADDED from src\main\AndroidManifest.xml:281:13-72
	android:windowSoftInputMode
		ADDED from src\main\AndroidManifest.xml:283:13-52
	android:name
		ADDED from src\main\AndroidManifest.xml:280:13-55
activity#com.waterworks.PastDueBalActivity
ADDED from src\main\AndroidManifest.xml:284:9-288:55
	android:screenOrientation
		ADDED from src\main\AndroidManifest.xml:287:13-49
	android:label
		ADDED from src\main\AndroidManifest.xml:286:13-64
	android:windowSoftInputMode
		ADDED from src\main\AndroidManifest.xml:288:13-52
	android:name
		ADDED from src\main\AndroidManifest.xml:285:13-47
activity#com.waterworks.LapSwimsActivity
ADDED from src\main\AndroidManifest.xml:289:9-293:55
	android:screenOrientation
		ADDED from src\main\AndroidManifest.xml:292:13-49
	android:label
		ADDED from src\main\AndroidManifest.xml:291:13-61
	android:windowSoftInputMode
		ADDED from src\main\AndroidManifest.xml:293:13-52
	android:name
		ADDED from src\main\AndroidManifest.xml:290:13-45
activity#com.waterworks.LapSwimsSessionActivity
ADDED from src\main\AndroidManifest.xml:294:9-298:55
	android:screenOrientation
		ADDED from src\main\AndroidManifest.xml:297:13-49
	android:label
		ADDED from src\main\AndroidManifest.xml:296:13-69
	android:windowSoftInputMode
		ADDED from src\main\AndroidManifest.xml:298:13-52
	android:name
		ADDED from src\main\AndroidManifest.xml:295:13-52
activity#com.waterworks.LapSwimsMonthlyActivity
ADDED from src\main\AndroidManifest.xml:299:9-303:55
	android:screenOrientation
		ADDED from src\main\AndroidManifest.xml:302:13-49
	android:label
		ADDED from src\main\AndroidManifest.xml:301:13-69
	android:windowSoftInputMode
		ADDED from src\main\AndroidManifest.xml:303:13-52
	android:name
		ADDED from src\main\AndroidManifest.xml:300:13-52
activity#com.waterworks.LapSwimsDiscountActivity
ADDED from src\main\AndroidManifest.xml:304:9-308:55
	android:screenOrientation
		ADDED from src\main\AndroidManifest.xml:307:13-49
	android:label
		ADDED from src\main\AndroidManifest.xml:306:13-70
	android:windowSoftInputMode
		ADDED from src\main\AndroidManifest.xml:308:13-52
	android:name
		ADDED from src\main\AndroidManifest.xml:305:13-53
activity#com.waterworks.FamilySwimNightActivity
ADDED from src\main\AndroidManifest.xml:309:9-313:55
	android:screenOrientation
		ADDED from src\main\AndroidManifest.xml:312:13-49
	android:label
		ADDED from src\main\AndroidManifest.xml:311:13-69
	android:windowSoftInputMode
		ADDED from src\main\AndroidManifest.xml:313:13-52
	android:name
		ADDED from src\main\AndroidManifest.xml:310:13-52
activity#com.waterworks.FamilySwimNightActivity_Register
ADDED from src\main\AndroidManifest.xml:314:9-318:55
	android:screenOrientation
		ADDED from src\main\AndroidManifest.xml:317:13-49
	android:label
		ADDED from src\main\AndroidManifest.xml:316:13-78
	android:windowSoftInputMode
		ADDED from src\main\AndroidManifest.xml:318:13-52
	android:name
		ADDED from src\main\AndroidManifest.xml:315:13-61
activity#com.waterworks.CheckIn2Activity
ADDED from src\main\AndroidManifest.xml:319:9-323:55
	android:screenOrientation
		ADDED from src\main\AndroidManifest.xml:322:13-49
	android:label
		ADDED from src\main\AndroidManifest.xml:321:13-61
	android:windowSoftInputMode
		ADDED from src\main\AndroidManifest.xml:323:13-52
	android:name
		ADDED from src\main\AndroidManifest.xml:320:13-45
activity#com.waterworks.SwimTeamActivity
ADDED from src\main\AndroidManifest.xml:324:9-328:55
	android:screenOrientation
		ADDED from src\main\AndroidManifest.xml:327:13-49
	android:label
		ADDED from src\main\AndroidManifest.xml:326:13-61
	android:windowSoftInputMode
		ADDED from src\main\AndroidManifest.xml:328:13-52
	android:name